2021-11-07 23:17:03 INFO  MyLogger:10 - output
2021-11-07 23:21:06 [main] INFO  MyLogger:10 - output
2021-11-07 23:21:53 [main] INFO  MyLogger:10 - output
2021-11-07 23:22:31 [main] INFO  com.customertimes.Lesson11.MyLogger:10  - output
2021-11-07 23:22:44 [main] INFO  com.customertimes.Lesson11.MyLogger:10  - output
2021-11-07 23:23:14 [main] INFO  com.customertimes.Lesson11.MyLogger:10  - output
2021-11-08 00:25:38 [main] INFO  com.customertimes.Lesson11.MyLogger:10  - output
2021-11-08 00:31:40 [main] INFO  com.customertimes.Lesson11.MyLogger:21  - LOGGER Database password = password
2021-11-08 00:32:47 [main] INFO  com.customertimes.Lesson11.MyLogger:21  - Database password = password
2021-11-08 00:32:47 [main] INFO  com.customertimes.Lesson11.MyLogger:22  - Database name = localhost
2021-11-08 00:32:47 [main] INFO  com.customertimes.Lesson11.MyLogger:23  - Database user = user
2021-11-08 00:32:47 [main] INFO  com.customertimes.Lesson11.MyLogger:24  - Name user = Petya
2021-11-08 00:32:47 [main] INFO  com.customertimes.Lesson11.MyLogger:25  - Birthday user = 2000
2021-11-08 00:32:47 [main] INFO  com.customertimes.Lesson11.MyLogger:32  - New Database password = NEWpassword
2021-11-08 00:32:47 [main] INFO  com.customertimes.Lesson11.MyLogger:33  - New Database name = NEWlocalhost
2021-11-08 00:32:47 [main] INFO  com.customertimes.Lesson11.MyLogger:34  - New Database user = NEWuser
2021-11-08 00:33:59 [main] INFO  com.customertimes.Lesson11.MyLogger:82  - Name: VasyaNEW
2021-11-08 00:35:41 [main] INFO  com.customertimes.Lesson11.MyLogger:82  - Name: VasyaNEW
2021-11-08 00:35:41 [main] INFO  com.customertimes.Lesson11.MyLogger:83  - Birthday: 1985123
2021-11-08 00:35:41 [main] INFO  com.customertimes.Lesson11.MyLogger:84  - Id is: 11
2021-11-08 00:35:41 [main] INFO  com.customertimes.Lesson11.MyLogger:85  - Squad is: squad1NEW
2021-11-08 00:35:41 [main] INFO  com.customertimes.Lesson11.MyLogger:86  - Stamp is: signStampNEW
2021-11-08 00:35:41 [main] INFO  com.customertimes.Lesson11.MyLogger:87  - Category is: FIRST_CATEGORY
2021-11-08 00:35:41 [main] INFO  com.customertimes.Lesson11.MyLogger:88  - Department is: testNEW
2021-11-08 00:35:41 [main] INFO  com.customertimes.Lesson11.MyLogger:89  - Workplace is: receptionNEW
2021-11-08 00:35:41 [main] INFO  com.customertimes.Lesson11.MyLogger:90  - Drugs is: pillsNEW
2021-11-08 00:36:58 [main] INFO  com.customertimes.Lesson11.MyLogger:15  - IntelliJ Java Community Java Edition 2021.2
2021-11-08 00:36:58 [main] INFO  com.customertimes.Lesson11.MyLogger:18  - newIntelliJ IDEA newCommunity IDEA newEdition 2021.2
2021-11-08 00:36:58 [main] INFO  com.customertimes.Lesson11.MyLogger:21  - 8ntelliJ 8DEA Community 8DEA Edition 2021.2
2021-11-08 00:36:58 [main] INFO  com.customertimes.Lesson11.MyLogger:24  - IntelliJ_IDEA_Community_IDEA_Edition_2021_2
2021-11-08 00:38:26 [main] INFO  com.customertimes.Lesson11.MyLogger:108  - three
2021-11-08 00:38:26 [main] INFO  com.customertimes.Lesson11.MyLogger:113  - 4
2021-11-08 00:38:26 [main] INFO  com.customertimes.Lesson11.MyLogger:118  - 1:one
2021-11-08 00:38:26 [main] INFO  com.customertimes.Lesson11.MyLogger:118  - 2:six
2021-11-08 00:38:26 [main] INFO  com.customertimes.Lesson11.MyLogger:118  - 3:three
2021-11-08 00:38:26 [main] INFO  com.customertimes.Lesson11.MyLogger:118  - 4:four
2021-11-08 00:38:26 [main] INFO  com.customertimes.Lesson11.MyLogger:118  - 5:five
2021-11-08 00:38:26 [main] INFO  com.customertimes.Lesson11.MyLogger:118  - 7:seven
2021-11-08 00:38:26 [main] INFO  com.customertimes.Lesson11.MyLogger:118  - 8:eight
2021-11-08 00:38:26 [main] INFO  com.customertimes.Lesson11.MyLogger:118  - 9:nine
2021-11-08 00:38:26 [main] INFO  com.customertimes.Lesson11.MyLogger:118  - 10:ten
2021-11-08 00:41:32 [main] INFO  com.customertimes.Lesson11.MyLogger:45  - Strings, which are widely used in Java programming, are a sequence of characters. In the Java programming language, strings are objects.
The Java platform provides the String class to create and manipulate strings.
In this case, "Hello world!" is a string literal—a series of characters in your code that is enclosed in double quotes. Whenever it encounters a string literal in your code, the compiler creates a String object with its value—in this case, Hello world!.
As with any other object, you can create String objects by using the new keyword and a constructor. The String class has thirteen constructors that allow you to provide the initial value of the string using different sources, such as an array of characters:

2021-11-08 00:41:32 [main] INFO  com.customertimes.Lesson11.MyLogger:50  - Number of paragraphs: 4
2021-11-08 00:41:32 [main] INFO  com.customertimes.Lesson11.MyLogger:54  - Number of words: 124
2021-11-08 00:41:32 [main] INFO  com.customertimes.Lesson11.MyLogger:57  - Number of sentences: 7
2021-11-08 00:41:32 [main] INFO  com.customertimes.Lesson11.MyLogger:64  - Number of characters: 586
2021-11-08 00:41:32 [main] INFO  com.customertimes.Lesson11.MyLogger:67  - Number of wordsInParagraph1: 21
2021-11-08 00:41:32 [main] INFO  com.customertimes.Lesson11.MyLogger:70  - Number of wordsInParagraph1: 10
2021-11-08 00:41:32 [main] INFO  com.customertimes.Lesson11.MyLogger:73  - Number of wordsInParagraph1: 43
2021-11-08 00:41:32 [main] INFO  com.customertimes.Lesson11.MyLogger:76  - Number of wordsInParagraph1: 38
2021-11-08 00:45:03 [main] INFO  com.customertimes.Lesson11.MyLogger:24  - Date and time after formatting: 2021/ноября/воскресенье 14:45 America/Los_Angeles
2021-11-08 00:45:04 [main] INFO  com.customertimes.Lesson11.MyLogger:33  - Formatted from string: Fri Aug 22 12:30:01 EEST 1986
2021-11-08 00:49:43 [main] INFO  com.customertimes.Lesson11.MyLogger:25  - Values of my params: 1, s, some text, true
2021-11-08 00:54:29 [main] INFO  com.customertimes.Lesson11.MyLogger:11  - 0.6
2021-11-08 00:58:05 [main] INFO  com.customertimes.Lesson11.MyLogger:159  - My number is: 1
2021-11-08 00:58:05 [main] INFO  com.customertimes.Lesson11.MyLogger:160  - My string is: lalala
2021-11-08 00:58:05 [main] INFO  com.customertimes.Lesson11.MyLogger:161  - My char is: a
2021-11-08 00:58:05 [main] INFO  com.customertimes.Lesson11.MyLogger:162  - My boolean is: true
2021-11-08 00:58:05 [main] INFO  com.customertimes.Lesson11.MyLogger:163  - My short numb is: 20
2021-11-08 00:58:05 [main] INFO  com.customertimes.Lesson11.MyLogger:166  - My array is: [A, B, C]
2021-11-08 01:01:04 [main] INFO  com.customertimes.Lesson11.MyLogger:122  - false
2021-11-08 01:01:04 [main] INFO  com.customertimes.Lesson11.MyLogger:126  - [1, 2, 3]
2021-11-08 01:01:04 [main] INFO  com.customertimes.Lesson11.MyLogger:130  - [1, 2, 3]
2021-11-08 23:59:04 [main] INFO  com.customertimes.Lesson11.MyLogger:82  - Name: VasyaNEW
2021-11-08 23:59:04 [main] INFO  com.customertimes.Lesson11.MyLogger:83  - Birthday: 1985123
2021-11-08 23:59:04 [main] INFO  com.customertimes.Lesson11.MyLogger:84  - Id is: 11
2021-11-08 23:59:04 [main] INFO  com.customertimes.Lesson11.MyLogger:85  - Squad is: squad1NEW
2021-11-08 23:59:04 [main] INFO  com.customertimes.Lesson11.MyLogger:86  - Stamp is: signStampNEW
2021-11-08 23:59:04 [main] INFO  com.customertimes.Lesson11.MyLogger:87  - Category is: FIRST_CATEGORY
2021-11-08 23:59:04 [main] INFO  com.customertimes.Lesson11.MyLogger:88  - Department is: testNEW
2021-11-08 23:59:04 [main] INFO  com.customertimes.Lesson11.MyLogger:89  - Workplace is: receptionNEW
2021-11-08 23:59:04 [main] INFO  com.customertimes.Lesson11.MyLogger:90  - Drugs is: pillsNEW
2021-12-07 14:37:29 [main] INFO  remarks.video.recorder.monte.MonteRecorder:39  - Recording started
2021-12-07 14:37:49 [main] INFO  remarks.video.recorder.monte.MonteRecorder:45  - Recording finished to C:\Users\Bogdan Shevchenko\IdeaProjects\CT_AQA\video\successfulLoginTest_recording_2021_07_12_14_37_49.avi
2021-12-07 14:37:49 [main] INFO  com.automation.remarks.video.RecordingUtils:81  - No jenkinsUrl variable found.
2021-12-07 14:37:49 [main] INFO  com.automation.remarks.video.RecordingUtils:26  - Video recording: C:\Users\Bogdan Shevchenko\IdeaProjects\CT_AQA\video\successfulLoginTest_recording_2021_07_12_14_37_49.avi
2021-12-07 14:41:32 [main] INFO  remarks.video.recorder.monte.MonteRecorder:39  - Recording started
2021-12-07 14:41:53 [main] INFO  remarks.video.recorder.monte.MonteRecorder:45  - Recording finished to C:\Users\Bogdan Shevchenko\IdeaProjects\CT_AQA\video\successfulLoginTest_recording_2021_07_12_14_41_53.avi
2021-12-07 14:41:53 [main] INFO  com.automation.remarks.video.RecordingUtils:81  - No jenkinsUrl variable found.
2021-12-07 14:41:53 [main] INFO  com.automation.remarks.video.RecordingUtils:26  - Video recording: C:\Users\Bogdan Shevchenko\IdeaProjects\CT_AQA\video\successfulLoginTest_recording_2021_07_12_14_41_53.avi
2021-12-09 00:40:40 [main] INFO  remarks.video.recorder.monte.MonteRecorder:39  - Recording started
2021-12-09 00:40:50 [main] INFO  remarks.video.recorder.monte.MonteRecorder:45  - Recording finished to C:\Users\Bogdan Shevchenko\IdeaProjects\CT_AQA\video\successfulLoginTest_recording_2021_09_12_00_40_50.avi
2021-12-09 00:40:50 [main] INFO  com.automation.remarks.video.RecordingUtils:81  - No jenkinsUrl variable found.
2021-12-09 00:40:50 [main] INFO  com.automation.remarks.video.RecordingUtils:33  - No video on success test
2021-12-09 01:08:26 [main] INFO  remarks.video.recorder.monte.MonteRecorder:39  - Recording started
2021-12-09 01:08:37 [main] INFO  remarks.video.recorder.monte.MonteRecorder:45  - Recording finished to C:\Users\Bogdan Shevchenko\IdeaProjects\CT_AQA\video\successfulLoginTest_recording_2021_09_12_01_08_37.avi
2021-12-09 01:08:37 [main] INFO  com.automation.remarks.video.RecordingUtils:81  - No jenkinsUrl variable found.
2021-12-09 01:08:37 [main] INFO  com.automation.remarks.video.RecordingUtils:33  - No video on success test
2021-12-14 00:47:18 [main] INFO  remarks.video.recorder.monte.MonteRecorder:39  - Recording started
2021-12-14 00:47:28 [main] INFO  remarks.video.recorder.monte.MonteRecorder:45  - Recording finished to C:\Users\Bogdan Shevchenko\IdeaProjects\CT_AQA\video\successfulLoginTest_recording_2021_14_12_00_47_28.avi
2021-12-14 00:47:28 [main] INFO  com.automation.remarks.video.RecordingUtils:81  - No jenkinsUrl variable found.
2021-12-14 00:47:28 [main] INFO  com.automation.remarks.video.RecordingUtils:33  - No video on success test
2021-12-14 01:20:51 [main] INFO  remarks.video.recorder.monte.MonteRecorder:39  - Recording started
2021-12-14 01:21:02 [main] INFO  remarks.video.recorder.monte.MonteRecorder:45  - Recording finished to C:\Users\Bogdan Shevchenko\IdeaProjects\CT_AQA\video\successfulLoginTest_recording_2021_14_12_01_21_02.avi
2021-12-14 01:21:02 [main] INFO  com.automation.remarks.video.RecordingUtils:81  - No jenkinsUrl variable found.
2021-12-14 01:21:02 [main] INFO  com.automation.remarks.video.RecordingUtils:33  - No video on success test
2021-12-14 01:46:44 [main] INFO  remarks.video.recorder.monte.MonteRecorder:39  - Recording started
2021-12-14 01:46:55 [main] INFO  remarks.video.recorder.monte.MonteRecorder:45  - Recording finished to C:\Users\Bogdan Shevchenko\IdeaProjects\CT_AQA\video\successfulLoginTest_recording_2021_14_12_01_46_55.avi
2021-12-14 01:46:55 [main] INFO  com.automation.remarks.video.RecordingUtils:81  - No jenkinsUrl variable found.
2021-12-14 01:46:55 [main] INFO  com.automation.remarks.video.RecordingUtils:33  - No video on success test
2021-12-14 01:56:02 [TestNG-test=Regression-2] INFO  remarks.video.recorder.monte.MonteRecorder:39  - Recording started
2021-12-14 01:56:02 [TestNG-test=Regression-2] INFO  remarks.video.recorder.monte.MonteRecorder:45  - Recording finished to C:\Users\Bogdan Shevchenko\IdeaProjects\CT_AQA\video\successfulLoginTest_recording_2021_14_12_01_56_02.avi
2021-12-14 01:56:02 [TestNG-test=Regression-2] INFO  com.automation.remarks.video.RecordingUtils:81  - No jenkinsUrl variable found.
2021-12-14 01:56:02 [TestNG-test=Regression-2] INFO  com.automation.remarks.video.RecordingUtils:26  - Video recording: C:\Users\Bogdan Shevchenko\IdeaProjects\CT_AQA\video\successfulLoginTest_recording_2021_14_12_01_56_02.avi
2021-12-14 01:57:01 [main] INFO  remarks.video.recorder.monte.MonteRecorder:39  - Recording started
2021-12-14 01:57:14 [main] INFO  remarks.video.recorder.monte.MonteRecorder:45  - Recording finished to C:\Users\Bogdan Shevchenko\IdeaProjects\CT_AQA\video\successfulLoginTest_recording_2021_14_12_01_57_14.avi
2021-12-14 01:57:14 [main] INFO  com.automation.remarks.video.RecordingUtils:81  - No jenkinsUrl variable found.
2021-12-14 01:57:14 [main] INFO  com.automation.remarks.video.RecordingUtils:33  - No video on success test
2021-12-14 02:01:34 [TestNG-test=Regression-2] INFO  remarks.video.recorder.monte.MonteRecorder:39  - Recording started
2021-12-14 02:01:34 [TestNG-test=Regression-2] INFO  remarks.video.recorder.monte.MonteRecorder:45  - Recording finished to C:\Users\Bogdan Shevchenko\IdeaProjects\CT_AQA\video\successfulLoginTest_recording_2021_14_12_02_01_34.avi
2021-12-14 02:01:34 [TestNG-test=Regression-2] INFO  com.automation.remarks.video.RecordingUtils:81  - No jenkinsUrl variable found.
2021-12-14 02:01:34 [TestNG-test=Regression-2] INFO  com.automation.remarks.video.RecordingUtils:26  - Video recording: C:\Users\Bogdan Shevchenko\IdeaProjects\CT_AQA\video\successfulLoginTest_recording_2021_14_12_02_01_34.avi
2021-12-14 02:07:18 [TestNG-test=Regression-2] INFO  remarks.video.recorder.monte.MonteRecorder:39  - Recording started
2021-12-14 02:07:19 [TestNG-test=Regression-2] INFO  remarks.video.recorder.monte.MonteRecorder:45  - Recording finished to C:\Users\Bogdan Shevchenko\IdeaProjects\CT_AQA\video\successfulLoginTest_recording_2021_14_12_02_07_19.avi
2021-12-14 02:07:19 [TestNG-test=Regression-2] INFO  com.automation.remarks.video.RecordingUtils:81  - No jenkinsUrl variable found.
2021-12-14 02:07:19 [TestNG-test=Regression-2] INFO  com.automation.remarks.video.RecordingUtils:26  - Video recording: C:\Users\Bogdan Shevchenko\IdeaProjects\CT_AQA\video\successfulLoginTest_recording_2021_14_12_02_07_19.avi
2021-12-14 02:08:37 [TestNG-test=Regression-2] INFO  remarks.video.recorder.monte.MonteRecorder:39  - Recording started
2021-12-14 02:08:37 [TestNG-test=Regression-2] INFO  remarks.video.recorder.monte.MonteRecorder:45  - Recording finished to C:\Users\Bogdan Shevchenko\IdeaProjects\CT_AQA\video\successfulLoginTest_recording_2021_14_12_02_08_37.avi
2021-12-14 02:08:37 [TestNG-test=Regression-2] INFO  com.automation.remarks.video.RecordingUtils:81  - No jenkinsUrl variable found.
2021-12-14 02:08:37 [TestNG-test=Regression-2] INFO  com.automation.remarks.video.RecordingUtils:26  - Video recording: C:\Users\Bogdan Shevchenko\IdeaProjects\CT_AQA\video\successfulLoginTest_recording_2021_14_12_02_08_37.avi
2021-12-14 02:17:15 [main] INFO  remarks.video.recorder.monte.MonteRecorder:39  - Recording started
2021-12-14 02:17:22 [main] INFO  remarks.video.recorder.monte.MonteRecorder:45  - Recording finished to C:\Users\Bogdan Shevchenko\IdeaProjects\CT_AQA\video\successfulLoginTest_recording_2021_14_12_02_17_22.avi
2021-12-14 02:17:22 [main] INFO  com.automation.remarks.video.RecordingUtils:81  - No jenkinsUrl variable found.
2021-12-14 02:17:22 [main] INFO  com.automation.remarks.video.RecordingUtils:26  - Video recording: C:\Users\Bogdan Shevchenko\IdeaProjects\CT_AQA\video\successfulLoginTest_recording_2021_14_12_02_17_22.avi
2021-12-14 02:18:35 [main] INFO  remarks.video.recorder.monte.MonteRecorder:39  - Recording started
2021-12-14 02:18:40 [main] INFO  remarks.video.recorder.monte.MonteRecorder:45  - Recording finished to C:\Users\Bogdan Shevchenko\IdeaProjects\CT_AQA\video\successfulLoginTest_recording_2021_14_12_02_18_40.avi
2021-12-14 02:18:40 [main] INFO  com.automation.remarks.video.RecordingUtils:81  - No jenkinsUrl variable found.
2021-12-14 02:18:40 [main] INFO  com.automation.remarks.video.RecordingUtils:33  - No video on success test
